<?xml version="1.0" encoding="UTF-8"?>
<testsuite xmlns:xsi="http://www.w3.org/2001/XMLSchema-instance" xsi:noNamespaceSchemaLocation="https://maven.apache.org/surefire/maven-surefire-plugin/xsd/surefire-test-report-3.0.xsd" version="3.0" name="runners.TestRunner" time="27.746" tests="2" errors="0" skipped="0" failures="0">
  <properties>
[...]
</properties>
  <testcase name="To Test the Login Functionality of Tricentis" classname="Login Functionality of Tricentis" time="17.292">
    <system-out><![CDATA[
@tag @tag1
Scenario Outline: To Test the Login Functionality of Tricentis &amp#27;[90m# src/test/resources/features/Login.feature:5&amp#27;[0m
  &amp#27;[32mGiven &amp#27;[0m&amp#27;[32mI am on the after login home page&amp#27;[0m                      &amp#27;[90m# stepdefinitions.LoginStepDefinitions.iAmOnTheHomePage()&amp#27;[0m
  &amp#27;[32mWhen &amp#27;[0m&amp#27;[32mI click on the login link&amp#27;[0m                               &amp#27;[90m# stepdefinitions.LoginStepDefinitions.iClickOnTheLoginLink()&amp#27;[0m
  &amp#27;[32mAnd &amp#27;[0m&amp#27;[32mI will enter the &amp#27;[0m&amp#27;[32m&amp#27;[1m"naveennk@gmail.com"&amp#27;[0m&amp#27;[32m in Email tab&amp#27;[0m       &amp#27;[90m# stepdefinitions.LoginStepDefinitions.iWillEnterTheEmailIDInEmailTab(java.lang.String)&amp#27;[0m
  &amp#27;[32mAnd &amp#27;[0m&amp#27;[32mI will enter the &amp#27;[0m&amp#27;[32m&amp#27;[1m"naveen"&amp#27;[0m&amp#27;[32m in Password tab&amp#27;[0m                &amp#27;[90m# stepdefinitions.LoginStepDefinitions.iWillEnterThePasswordInPasswordTab(java.lang.String)&amp#27;[0m
  &amp#27;[32mAnd &amp#27;[0m&amp#27;[32mI will click on the Login button&amp#27;[0m                         &amp#27;[90m# stepdefinitions.LoginStepDefinitions.iWillClickOnTheLoginButton()&amp#27;[0m
Login issuccess
  &amp#27;[32mThen &amp#27;[0m&amp#27;[32mIt should get login and show &amp#27;[0m&amp#27;[32m&amp#27;[1m"success"&amp#27;[0m                  &amp#27;[90m# stepdefinitions.LoginStepDefinitions.itShouldGetLoginAndShowStatus(java.lang.String)&amp#27;[0m
]]></system-out>
  </testcase>
  <testcase name="To test the Search Functionality of Tricentis Search bar" classname="Search Functionality of Tricentis" time="8.425">
    <system-out><![CDATA[
@tag @tag1
Scenario Outline: To test the Search Functionality of Tricentis Search bar &amp#27;[90m# src/test/resources/features/Search.feature:5&amp#27;[0m
  &amp#27;[32mGiven &amp#27;[0m&amp#27;[32mI am on the home page&amp#27;[0m                                              &amp#27;[90m# stepdefinitions.SearchStepDefinitions.iAmOnTheHomePage()&amp#27;[0m
  &amp#27;[32mWhen &amp#27;[0m&amp#27;[32mI type &amp#27;[0m&amp#27;[32m&amp#27;[1m"14.1-Inch laptop"&amp#27;[0m&amp#27;[32m in search textbox&amp#27;[0m                         &amp#27;[90m# stepdefinitions.SearchStepDefinitions.iTypeSearchTextInSearchTextbox(java.lang.String)&amp#27;[0m
  &amp#27;[32mAnd &amp#27;[0m&amp#27;[32mI click on the search button&amp#27;[0m                                         &amp#27;[90m# stepdefinitions.SearchStepDefinitions.iClickOnTheSearchButton()&amp#27;[0m
]]></system-out>
  </testcase>
</testsuite>